Replace Part C1 C10n-50V-1206FNPC-C0G/NP0 in C:\Users\amrib\Desktop\E_Tech_Racing\GitBash_etech\BSPD\BSPD\BSPD_PCB\BSPD.SchDoc with C10n-50V-1206FNPC-C0G/NP0 from Passives.SchLib
Replace Part C2 C10u-50V-1210FNPMLCC-X7R in C:\Users\amrib\Desktop\E_Tech_Racing\GitBash_etech\BSPD\BSPD\BSPD_PCB\BSPD.SchDoc with C10u-50V-1210FNPMLCC-X7R from Passives.SchLib
Replace Part C3 C10n-50V-1206FNPC-C0G/NP0 in C:\Users\amrib\Desktop\E_Tech_Racing\GitBash_etech\BSPD\BSPD\BSPD_PCB\BSPD.SchDoc with C10n-50V-1206FNPC-C0G/NP0 from Passives.SchLib
Replace Part C4 C10u-50V-1210FNPMLCC-X7R in C:\Users\amrib\Desktop\E_Tech_Racing\GitBash_etech\BSPD\BSPD\BSPD_PCB\BSPD.SchDoc with C10u-50V-1210FNPMLCC-X7R from Passives.SchLib
Replace Part C5 C100n-25V-1206FNPC-X7R in C:\Users\amrib\Desktop\E_Tech_Racing\GitBash_etech\BSPD\BSPD\BSPD_PCB\BSPD.SchDoc with C100n-25V-1206FNPC-X7R from Passives.SchLib
Replace Part C6 C100n-25V-1206FNPC-X7R in C:\Users\amrib\Desktop\E_Tech_Racing\GitBash_etech\BSPD\BSPD\BSPD_PCB\BSPD.SchDoc with C100n-25V-1206FNPC-X7R from Passives.SchLib
Replace Part C7 C10u-10V-1206FNPC-X7R in C:\Users\amrib\Desktop\E_Tech_Racing\GitBash_etech\BSPD\BSPD\BSPD_PCB\BSPD.SchDoc with C10u-10V-1206FNPC-X7R from Passives.SchLib
Replace Part C8 C100n-25V-1206FNPC-X7R in C:\Users\amrib\Desktop\E_Tech_Racing\GitBash_etech\BSPD\BSPD\BSPD_PCB\BSPD.SchDoc with C100n-25V-1206FNPC-X7R from Passives.SchLib
Replace Part C9 C1u-16V-1206FNPC-X7R in C:\Users\amrib\Desktop\E_Tech_Racing\GitBash_etech\BSPD\BSPD\BSPD_PCB\BSPD.SchDoc with C1u-16V-1206FNPC-X7R from Passives.SchLib
Replace Part D1 DTVS-40V-DO-214AB in C:\Users\amrib\Desktop\E_Tech_Racing\GitBash_etech\BSPD\BSPD\BSPD_PCB\BSPD.SchDoc with DTVS-40V-DO-214AB from Filter components.SchLib
Replace Part D2 DTVS-6V-DO-214AC in C:\Users\amrib\Desktop\E_Tech_Racing\GitBash_etech\BSPD\BSPD\BSPD_PCB\BSPD.SchDoc with DTVS-6V-DO-214AC from Filter components.SchLib
Replace Part D3 DTVS-6V-DO-214AC in C:\Users\amrib\Desktop\E_Tech_Racing\GitBash_etech\BSPD\BSPD\BSPD_PCB\BSPD.SchDoc with DTVS-6V-DO-214AC from Filter components.SchLib
Replace Part D4 DSC-0.5/30-SOD123 in C:\Users\amrib\Desktop\E_Tech_Racing\GitBash_etech\BSPD\BSPD\BSPD_PCB\BSPD.SchDoc with DSC-0.5/30-SOD123 from Filter components.SchLib
Replace Part D5 LEDVS-0805-40 in C:\Users\amrib\Desktop\E_Tech_Racing\GitBash_etech\BSPD\BSPD\BSPD_PCB\BSPD.SchDoc with LEDVS-0805-40 from Semiconductor.SchLib
Replace Part D6 DSC-0.5/30-SOD123 in C:\Users\amrib\Desktop\E_Tech_Racing\GitBash_etech\BSPD\BSPD\BSPD_PCB\BSPD.SchDoc with DSC-0.5/30-SOD123 from Filter components.SchLib
Replace Part F1 Fuse_1A_63V_1206 in C:\Users\amrib\Desktop\E_Tech_Racing\GitBash_etech\BSPD\BSPD\BSPD_PCB\BSPD.SchDoc with Fuse_1A_63V_1206 from Filter components.SchLib
Replace Part J1 J_NanoFit_2x3 in C:\Users\amrib\Desktop\E_Tech_Racing\GitBash_etech\BSPD\BSPD\BSPD_PCB\BSPD.SchDoc with J_NanoFit_2x3 from Electromechanical.SchLib
Replace Part MH1 Mounting_Hole_M3 in C:\Users\amrib\Desktop\E_Tech_Racing\GitBash_etech\BSPD\BSPD\BSPD_PCB\BSPD.SchDoc with Mounting_Hole_M3 from Electromechanical.SchLib
Replace Part MH2 Mounting_Hole_M3 in C:\Users\amrib\Desktop\E_Tech_Racing\GitBash_etech\BSPD\BSPD\BSPD_PCB\BSPD.SchDoc with Mounting_Hole_M3 from Electromechanical.SchLib
Replace Part MH3 Mounting_Hole_M3 in C:\Users\amrib\Desktop\E_Tech_Racing\GitBash_etech\BSPD\BSPD\BSPD_PCB\BSPD.SchDoc with Mounting_Hole_M3 from Electromechanical.SchLib
Replace Part MH4 Mounting_Hole_M3 in C:\Users\amrib\Desktop\E_Tech_Racing\GitBash_etech\BSPD\BSPD\BSPD_PCB\BSPD.SchDoc with Mounting_Hole_M3 from Electromechanical.SchLib
Replace Part Q1 TRT-NCH-3/35-CPH in C:\Users\amrib\Desktop\E_Tech_Racing\GitBash_etech\BSPD\BSPD\BSPD_PCB\BSPD.SchDoc with TRT-NCH-3/35-CPH from Semiconductor.SchLib
Replace Part Q2 TRT-NCH-3/35-CPH in C:\Users\amrib\Desktop\E_Tech_Racing\GitBash_etech\BSPD\BSPD\BSPD_PCB\BSPD.SchDoc with TRT-NCH-3/35-CPH from Semiconductor.SchLib
Replace Part Q3 TRT-NCH-3/35-CPH in C:\Users\amrib\Desktop\E_Tech_Racing\GitBash_etech\BSPD\BSPD\BSPD_PCB\BSPD.SchDoc with TRT-NCH-3/35-CPH from Semiconductor.SchLib
Replace Part Q4 TRT-NCH-3/35-CPH in C:\Users\amrib\Desktop\E_Tech_Racing\GitBash_etech\BSPD\BSPD\BSPD_PCB\BSPD.SchDoc with TRT-NCH-3/35-CPH from Semiconductor.SchLib
Replace Part Q5 TRT-NCH-3/35-CPH in C:\Users\amrib\Desktop\E_Tech_Racing\GitBash_etech\BSPD\BSPD\BSPD_PCB\BSPD.SchDoc with TRT-NCH-3/35-CPH from Semiconductor.SchLib
Replace Part R1 R10k-1206FTK in C:\Users\amrib\Desktop\E_Tech_Racing\GitBash_etech\BSPD\BSPD\BSPD_PCB\BSPD.SchDoc with R10k-1206FTK from Passives.SchLib
Replace Part R2 R51k-1206FTK in C:\Users\amrib\Desktop\E_Tech_Racing\GitBash_etech\BSPD\BSPD\BSPD_PCB\BSPD.SchDoc with R51k-1206FTK from Passives.SchLib
Replace Part R3 R10k-1206FTK in C:\Users\amrib\Desktop\E_Tech_Racing\GitBash_etech\BSPD\BSPD\BSPD_PCB\BSPD.SchDoc with R10k-1206FTK from Passives.SchLib
Replace Part R4 R10k-1206FTK in C:\Users\amrib\Desktop\E_Tech_Racing\GitBash_etech\BSPD\BSPD\BSPD_PCB\BSPD.SchDoc with R10k-1206FTK from Passives.SchLib
Replace Part R5 R51k-1206FTK in C:\Users\amrib\Desktop\E_Tech_Racing\GitBash_etech\BSPD\BSPD\BSPD_PCB\BSPD.SchDoc with R51k-1206FTK from Passives.SchLib
Replace Part R6 R10k-1206FTK in C:\Users\amrib\Desktop\E_Tech_Racing\GitBash_etech\BSPD\BSPD\BSPD_PCB\BSPD.SchDoc with R10k-1206FTK from Passives.SchLib
Replace Part R7 R51k-1206FTK in C:\Users\amrib\Desktop\E_Tech_Racing\GitBash_etech\BSPD\BSPD\BSPD_PCB\BSPD.SchDoc with R51k-1206FTK from Passives.SchLib
Replace Part R8 R2.2K-1206FTK in C:\Users\amrib\Desktop\E_Tech_Racing\GitBash_etech\BSPD\BSPD\BSPD_PCB\BSPD.SchDoc with R2.2K-1206FTK from Passives.SchLib
Replace Part R9 R10k-VTR in C:\Users\amrib\Desktop\E_Tech_Racing\GitBash_etech\BSPD\BSPD\BSPD_PCB\BSPD.SchDoc with R10k-VTR from Passives.SchLib
Replace Part R10 R10k-VTR in C:\Users\amrib\Desktop\E_Tech_Racing\GitBash_etech\BSPD\BSPD\BSPD_PCB\BSPD.SchDoc with R10k-VTR from Passives.SchLib
Replace Part R11 R10k-1206FTK in C:\Users\amrib\Desktop\E_Tech_Racing\GitBash_etech\BSPD\BSPD\BSPD_PCB\BSPD.SchDoc with R10k-1206FTK from Passives.SchLib
Replace Part R12 R51k-1206FTK in C:\Users\amrib\Desktop\E_Tech_Racing\GitBash_etech\BSPD\BSPD\BSPD_PCB\BSPD.SchDoc with R51k-1206FTK from Passives.SchLib
Replace Part R13 R4.7K-1206FTK in C:\Users\amrib\Desktop\E_Tech_Racing\GitBash_etech\BSPD\BSPD\BSPD_PCB\BSPD.SchDoc with R4.7K-1206FTK from Passives.SchLib
Replace Part R14 R10k-1206FTK in C:\Users\amrib\Desktop\E_Tech_Racing\GitBash_etech\BSPD\BSPD\BSPD_PCB\BSPD.SchDoc with R10k-1206FTK from Passives.SchLib
Replace Part R15 R10k-1206FTK in C:\Users\amrib\Desktop\E_Tech_Racing\GitBash_etech\BSPD\BSPD\BSPD_PCB\BSPD.SchDoc with R10k-1206FTK from Passives.SchLib
Replace Part R16 R100-1206FTK in C:\Users\amrib\Desktop\E_Tech_Racing\GitBash_etech\BSPD\BSPD\BSPD_PCB\BSPD.SchDoc with R100-1206FTK from Passives.SchLib
Replace Part R17 R2M-1206FTK in C:\Users\amrib\Desktop\E_Tech_Racing\GitBash_etech\BSPD\BSPD\BSPD_PCB\BSPD.SchDoc with R2M-1206FTK from Passives.SchLib
Replace Part R18 R51k-1206FTK in C:\Users\amrib\Desktop\E_Tech_Racing\GitBash_etech\BSPD\BSPD\BSPD_PCB\BSPD.SchDoc with R51k-1206FTK from Passives.SchLib
Replace Part R19 R10k-1206FTK in C:\Users\amrib\Desktop\E_Tech_Racing\GitBash_etech\BSPD\BSPD\BSPD_PCB\BSPD.SchDoc with R10k-1206FTK from Passives.SchLib
Replace Part R20 R4.7K-1206FTK in C:\Users\amrib\Desktop\E_Tech_Racing\GitBash_etech\BSPD\BSPD\BSPD_PCB\BSPD.SchDoc with R4.7K-1206FTK from Passives.SchLib
Replace Part R21 R10k-1206FTK in C:\Users\amrib\Desktop\E_Tech_Racing\GitBash_etech\BSPD\BSPD\BSPD_PCB\BSPD.SchDoc with R10k-1206FTK from Passives.SchLib
Replace Part R22 R100-1206FTK in C:\Users\amrib\Desktop\E_Tech_Racing\GitBash_etech\BSPD\BSPD\BSPD_PCB\BSPD.SchDoc with R100-1206FTK from Passives.SchLib
Replace Part R23 R1k-1206FTK in C:\Users\amrib\Desktop\E_Tech_Racing\GitBash_etech\BSPD\BSPD\BSPD_PCB\BSPD.SchDoc with R1k-1206FTK from Passives.SchLib
Replace Part R24 R1k-0805FTK in C:\Users\amrib\Desktop\E_Tech_Racing\GitBash_etech\BSPD\BSPD\BSPD_PCB\BSPD.SchDoc with R1k-0805FTK from Passives.SchLib
Replace Part TP1 TestPoint in C:\Users\amrib\Desktop\E_Tech_Racing\GitBash_etech\BSPD\BSPD\BSPD_PCB\BSPD.SchDoc with TestPoint from e-Tech_Racing.SchLib
Replace Part TP2 TestPoint in C:\Users\amrib\Desktop\E_Tech_Racing\GitBash_etech\BSPD\BSPD\BSPD_PCB\BSPD.SchDoc with TestPoint from e-Tech_Racing.SchLib
Replace Part TP3 TestPoint in C:\Users\amrib\Desktop\E_Tech_Racing\GitBash_etech\BSPD\BSPD\BSPD_PCB\BSPD.SchDoc with TestPoint from e-Tech_Racing.SchLib
Replace Part TP4 TestPoint in C:\Users\amrib\Desktop\E_Tech_Racing\GitBash_etech\BSPD\BSPD\BSPD_PCB\BSPD.SchDoc with TestPoint from e-Tech_Racing.SchLib
Replace Part TP5 TestPoint in C:\Users\amrib\Desktop\E_Tech_Racing\GitBash_etech\BSPD\BSPD\BSPD_PCB\BSPD.SchDoc with TestPoint from e-Tech_Racing.SchLib
Replace Part TP6 TestPoint in C:\Users\amrib\Desktop\E_Tech_Racing\GitBash_etech\BSPD\BSPD\BSPD_PCB\BSPD.SchDoc with TestPoint from e-Tech_Racing.SchLib
Replace Part TP7 TestPoint in C:\Users\amrib\Desktop\E_Tech_Racing\GitBash_etech\BSPD\BSPD\BSPD_PCB\BSPD.SchDoc with TestPoint from e-Tech_Racing.SchLib
Replace Part TP8 TestPoint in C:\Users\amrib\Desktop\E_Tech_Racing\GitBash_etech\BSPD\BSPD\BSPD_PCB\BSPD.SchDoc with TestPoint from e-Tech_Racing.SchLib
Replace Part TP9 TestPoint in C:\Users\amrib\Desktop\E_Tech_Racing\GitBash_etech\BSPD\BSPD\BSPD_PCB\BSPD.SchDoc with TestPoint from e-Tech_Racing.SchLib
Replace Part TP10 TestPoint in C:\Users\amrib\Desktop\E_Tech_Racing\GitBash_etech\BSPD\BSPD\BSPD_PCB\BSPD.SchDoc with TestPoint from e-Tech_Racing.SchLib
Replace Part TP11 TestPoint in C:\Users\amrib\Desktop\E_Tech_Racing\GitBash_etech\BSPD\BSPD\BSPD_PCB\BSPD.SchDoc with TestPoint from e-Tech_Racing.SchLib
Replace Part TP12 TestPoint in C:\Users\amrib\Desktop\E_Tech_Racing\GitBash_etech\BSPD\BSPD\BSPD_PCB\BSPD.SchDoc with TestPoint from e-Tech_Racing.SchLib
Replace Part TP13 TestPoint in C:\Users\amrib\Desktop\E_Tech_Racing\GitBash_etech\BSPD\BSPD\BSPD_PCB\BSPD.SchDoc with TestPoint from e-Tech_Racing.SchLib
Replace Part TP14 TestPoint in C:\Users\amrib\Desktop\E_Tech_Racing\GitBash_etech\BSPD\BSPD\BSPD_PCB\BSPD.SchDoc with TestPoint from e-Tech_Racing.SchLib
Replace Part TP15 TestPoint in C:\Users\amrib\Desktop\E_Tech_Racing\GitBash_etech\BSPD\BSPD\BSPD_PCB\BSPD.SchDoc with TestPoint from e-Tech_Racing.SchLib
Replace Part TP16 TestPoint in C:\Users\amrib\Desktop\E_Tech_Racing\GitBash_etech\BSPD\BSPD\BSPD_PCB\BSPD.SchDoc with TestPoint from e-Tech_Racing.SchLib
Replace Part TP17 TestPoint in C:\Users\amrib\Desktop\E_Tech_Racing\GitBash_etech\BSPD\BSPD\BSPD_PCB\BSPD.SchDoc with TestPoint from e-Tech_Racing.SchLib
Replace Part TP18 TestPoint in C:\Users\amrib\Desktop\E_Tech_Racing\GitBash_etech\BSPD\BSPD\BSPD_PCB\BSPD.SchDoc with TestPoint from e-Tech_Racing.SchLib
Replace Part TP19 TestPoint in C:\Users\amrib\Desktop\E_Tech_Racing\GitBash_etech\BSPD\BSPD\BSPD_PCB\BSPD.SchDoc with TestPoint from e-Tech_Racing.SchLib
Replace Part TP20 TestPoint in C:\Users\amrib\Desktop\E_Tech_Racing\GitBash_etech\BSPD\BSPD\BSPD_PCB\BSPD.SchDoc with TestPoint from e-Tech_Racing.SchLib
Replace Part TP21 TestPoint in C:\Users\amrib\Desktop\E_Tech_Racing\GitBash_etech\BSPD\BSPD\BSPD_PCB\BSPD.SchDoc with TestPoint from e-Tech_Racing.SchLib
Replace Part TP22 TestPoint in C:\Users\amrib\Desktop\E_Tech_Racing\GitBash_etech\BSPD\BSPD\BSPD_PCB\BSPD.SchDoc with TestPoint from e-Tech_Racing.SchLib
Replace Part TP23 TestPoint in C:\Users\amrib\Desktop\E_Tech_Racing\GitBash_etech\BSPD\BSPD\BSPD_PCB\BSPD.SchDoc with TestPoint from e-Tech_Racing.SchLib
Replace Part TP24 TestPoint in C:\Users\amrib\Desktop\E_Tech_Racing\GitBash_etech\BSPD\BSPD\BSPD_PCB\BSPD.SchDoc with TestPoint from e-Tech_Racing.SchLib
Replace Part TP25 TestPoint in C:\Users\amrib\Desktop\E_Tech_Racing\GitBash_etech\BSPD\BSPD\BSPD_PCB\BSPD.SchDoc with TestPoint from e-Tech_Racing.SchLib
Replace Part TP26 TestPoint in C:\Users\amrib\Desktop\E_Tech_Racing\GitBash_etech\BSPD\BSPD\BSPD_PCB\BSPD.SchDoc with TestPoint from e-Tech_Racing.SchLib
Replace Part TP27 TestPoint in C:\Users\amrib\Desktop\E_Tech_Racing\GitBash_etech\BSPD\BSPD\BSPD_PCB\BSPD.SchDoc with TestPoint from e-Tech_Racing.SchLib
Replace Part U1 LDO_35V-1/12V-TO220 in C:\Users\amrib\Desktop\E_Tech_Racing\GitBash_etech\BSPD\BSPD\BSPD_PCB\BSPD.SchDoc with LDO_35V-1/12V-TO220 from Semiconductor.SchLib
Replace Part U2 Array_4_Comp_LM339D in C:\Users\amrib\Desktop\E_Tech_Racing\GitBash_etech\BSPD\BSPD\BSPD_PCB\BSPD.SchDoc with Array_4_Comp_LM339D from Integrated circuits.SchLib
Replace Part U3 Array_4_Comp_LM339D in C:\Users\amrib\Desktop\E_Tech_Racing\GitBash_etech\BSPD\BSPD\BSPD_PCB\BSPD.SchDoc with Array_4_Comp_LM339D from Integrated circuits.SchLib
Replace Part X1 Relay_G5V-1-DC5 in C:\Users\amrib\Desktop\E_Tech_Racing\GitBash_etech\BSPD\BSPD\BSPD_PCB\BSPD.SchDoc with Relay_G5V-1-DC5 from Electromechanical.SchLib
