Change Physical Footprint: Designator=C1 Old Footprint=C1206FNPC-RW New Footprint=C1206FNPC-RW
Change Physical Footprint: Designator=C2 Old Footprint=C10u-50V-1210FNPMLCC-X7R New Footprint=C10u-50V-1210FNPMLCC-X7R
Change Physical Footprint: Designator=C3 Old Footprint=C1206FNPC-RW New Footprint=C1206FNPC-RW
Change Physical Footprint: Designator=C4 Old Footprint=C10u-50V-1210FNPMLCC-X7R New Footprint=C10u-50V-1210FNPMLCC-X7R
Change Physical Footprint: Designator=C5 Old Footprint=C1206FNPC-RW New Footprint=C1206FNPC-RW
Change Physical Footprint: Designator=C6 Old Footprint=C1206FNPC-RW New Footprint=C1206FNPC-RW
Change Physical Footprint: Designator=C7 Old Footprint=C1206FNPC-RW New Footprint=C1206FNPC-RW
Change Physical Footprint: Designator=C8 Old Footprint=C1206FNPC-RW New Footprint=C1206FNPC-RW
Change Physical Footprint: Designator=C9 Old Footprint=C1206FNPC-RW New Footprint=C1206FNPC-RW
Change Physical Footprint: Designator=D1 Old Footprint=DTVS-DO-214AB New Footprint=DTVS-DO-214AB
Change Physical Footprint: Designator=D2 Old Footprint=DTVS-DO-214AC New Footprint=DTVS-DO-214AC
Change Physical Footprint: Designator=D3 Old Footprint=DTVS-DO-214AC New Footprint=DTVS-DO-214AC
Change Physical Footprint: Designator=D4 Old Footprint=DSC-SOD123 New Footprint=DSC-SOD123
Change Physical Footprint: Designator=D5 Old Footprint=LED_0805_WE New Footprint=LED_0805_WE
Change Physical Footprint: Designator=D6 Old Footprint=DSC-SOD123 New Footprint=DSC-SOD123
Change Physical Footprint: Designator=F1 Old Footprint=Fuse_1206 New Footprint=Fuse_1206
Change Physical Footprint: Cannot match pads with new footprint in component :J1 Footprint:J_NanoFit_2x3
Change Physical Footprint: Designator=MH1 Old Footprint=Mounting_Hole_M3 New Footprint=Mounting_Hole_M3
Change Physical Footprint: Designator=MH2 Old Footprint=Mounting_Hole_M3 New Footprint=Mounting_Hole_M3
Change Physical Footprint: Designator=MH3 Old Footprint=Mounting_Hole_M3 New Footprint=Mounting_Hole_M3
Change Physical Footprint: Designator=MH4 Old Footprint=Mounting_Hole_M3 New Footprint=Mounting_Hole_M3
Change Physical Footprint: Designator=Q1 Old Footprint=TRT-NCH-3/35-CPH New Footprint=TRT-NCH-3/35-CPH
Change Physical Footprint: Designator=Q2 Old Footprint=TRT-NCH-3/35-CPH New Footprint=TRT-NCH-3/35-CPH
Change Physical Footprint: Designator=Q3 Old Footprint=TRT-NCH-3/35-CPH New Footprint=TRT-NCH-3/35-CPH
Change Physical Footprint: Designator=Q4 Old Footprint=TRT-NCH-3/35-CPH New Footprint=TRT-NCH-3/35-CPH
Change Physical Footprint: Designator=Q5 Old Footprint=TRT-NCH-3/35-CPH New Footprint=TRT-NCH-3/35-CPH
Change Physical Footprint: Designator=R1 Old Footprint=R1206FTK-W New Footprint=R1206FTK-W
Change Physical Footprint: Designator=R2 Old Footprint=R1206FTK-W New Footprint=R1206FTK-W
Change Physical Footprint: Designator=R3 Old Footprint=R1206FTK-W New Footprint=R1206FTK-W
Change Physical Footprint: Designator=R4 Old Footprint=R1206FTK-W New Footprint=R1206FTK-W
Change Physical Footprint: Designator=R5 Old Footprint=R1206FTK-W New Footprint=R1206FTK-W
Change Physical Footprint: Designator=R6 Old Footprint=R1206FTK-W New Footprint=R1206FTK-W
Change Physical Footprint: Designator=R7 Old Footprint=R1206FTK-W New Footprint=R1206FTK-W
Change Physical Footprint: Designator=R8 Old Footprint=R1206FTK-W New Footprint=R1206FTK-W
Change Physical Footprint: Designator=R9 Old Footprint=R10k-VTR New Footprint=R10k-VTR
Change Physical Footprint: Designator=R10 Old Footprint=R10k-VTR New Footprint=R10k-VTR
Change Physical Footprint: Designator=R11 Old Footprint=R1206FTK-W New Footprint=R1206FTK-W
Change Physical Footprint: Designator=R12 Old Footprint=R1206FTK-W New Footprint=R1206FTK-W
Change Physical Footprint: Designator=R13 Old Footprint=R1206FTK-W New Footprint=R1206FTK-W
Change Physical Footprint: Designator=R14 Old Footprint=R1206FTK-W New Footprint=R1206FTK-W
Change Physical Footprint: Designator=R15 Old Footprint=R1206FTK-W New Footprint=R1206FTK-W
Change Physical Footprint: Designator=R16 Old Footprint=R1206FTK-W New Footprint=R1206FTK-W
Change Physical Footprint: Designator=R17 Old Footprint=R1206FTK-W New Footprint=R1206FTK-W
Change Physical Footprint: Designator=R18 Old Footprint=R1206FTK-W New Footprint=R1206FTK-W
Change Physical Footprint: Designator=R19 Old Footprint=R1206FTK-W New Footprint=R1206FTK-W
Change Physical Footprint: Designator=R20 Old Footprint=R1206FTK-W New Footprint=R1206FTK-W
Change Physical Footprint: Designator=R21 Old Footprint=R1206FTK-W New Footprint=R1206FTK-W
Change Physical Footprint: Designator=R22 Old Footprint=R1206FTK-W New Footprint=R1206FTK-W
Change Physical Footprint: Designator=R23 Old Footprint=R1206FTK-W New Footprint=R1206FTK-W
Change Physical Footprint: Designator=R24 Old Footprint=R0805FTK New Footprint=R0805FTK
Change Physical Footprint: Designator=U1 Old Footprint=LDO_35V-1/12V-TO220 New Footprint=LDO_35V-1/12V-TO220
Change Physical Footprint: Designator=U2 Old Footprint=Array_4_Amp_LM339D New Footprint=Array_4_Amp_LM339D
Change Physical Footprint: Designator=U3 Old Footprint=Array_4_Amp_LM339D New Footprint=Array_4_Amp_LM339D
Change Physical Footprint: Designator=X1 Old Footprint=Relay_G5V-1-DC5 New Footprint=Relay_G5V-1-DC5
